0 info it worked if it ends with ok
1 verbose cli [ 'node', '/usr/local/bin/npm', 'publish', './' ]
2 info using npm@2.11.3
3 info using node@v0.12.7
4 verbose publish [ './' ]
5 silly cache add args [ './', null ]
6 verbose cache add spec ./
7 silly cache add parsed spec { raw: './',
7 silly cache add   scope: null,
7 silly cache add   name: null,
7 silly cache add   rawSpec: './',
7 silly cache add   spec: '/Users/wongherlung/Projects/ReactComponents/react-resizable-component',
7 silly cache add   type: 'directory' }
8 verbose addLocalDirectory /Users/wongherlung/.npm/react-resizable-component/1.0.0/package.tgz not in flight; packing
9 verbose tar pack [ '/Users/wongherlung/.npm/react-resizable-component/1.0.0/package.tgz',
9 verbose tar pack   '/Users/wongherlung/Projects/ReactComponents/react-resizable-component' ]
10 verbose tarball /Users/wongherlung/.npm/react-resizable-component/1.0.0/package.tgz
11 verbose folder /Users/wongherlung/Projects/ReactComponents/react-resizable-component
12 info prepublish react-resizable-component@1.0.0
13 verbose unsafe-perm in lifecycle true
14 verbose addLocalTarball adding from inside cache /Users/wongherlung/.npm/react-resizable-component/1.0.0/package.tgz
15 silly cache afterAdd react-resizable-component@1.0.0
16 verbose afterAdd /Users/wongherlung/.npm/react-resizable-component/1.0.0/package/package.json not in flight; writing
17 verbose afterAdd /Users/wongherlung/.npm/react-resizable-component/1.0.0/package/package.json written
18 silly publish { name: 'react-resizable-component',
18 silly publish   version: '1.0.0',
18 silly publish   description: 'A simple React resizable component that comes with features that you might need.',
18 silly publish   main: 'ResizableComponent.js',
18 silly publish   scripts:
18 silly publish    { build: 'jsx ResizableComponent.jsx > ResizableComponent.js',
18 silly publish      prepublish: 'npm run build' },
18 silly publish   dependencies: { react: '^0.14.0', 'react-dom': '^0.14.0' },
18 silly publish   keywords: [ 'react', 'js', 'resizeable', 'box', 'component', 'resize' ],
18 silly publish   browserify: { transform: [ 'reactify' ] },
18 silly publish   author:
18 silly publish    { name: 'Delon Wong Her Laang',
18 silly publish      email: 'wongherlung@gmail.com',
18 silly publish      url: 'https://github.com/wongherlung' },
18 silly publish   license: 'MIT',
18 silly publish   devDependencies: { 'react-tools': '^0.13.3' },
18 silly publish   readme: '# react-resizable-component\nA simple React resizable component that comes with features that you might need.\n',
18 silly publish   readmeFilename: 'README.md',
18 silly publish   gitHead: 'de84e91d4d8c1a6b39723315efcdd7b7e058934c',
18 silly publish   _id: 'react-resizable-component@1.0.0',
18 silly publish   _shasum: 'd93cc412f9ee367aa95c4c4232860fe7b38f4248',
18 silly publish   _from: '.' }
19 verbose getPublishConfig undefined
20 silly mapToRegistry name react-resizable-component
21 silly mapToRegistry using default registry
22 silly mapToRegistry registry https://registry.npmjs.org/
23 silly mapToRegistry uri https://registry.npmjs.org/react-resizable-component
24 verbose publish registryBase https://registry.npmjs.org/
25 silly publish uploading /Users/wongherlung/.npm/react-resizable-component/1.0.0/package.tgz
26 verbose request uri https://registry.npmjs.org/react-resizable-component
27 verbose request sending authorization for write operation
28 info attempt registry request try #1 at 11:51:09 AM
29 verbose request using bearer token for auth
30 verbose request id 57617a977060dddf
31 http request PUT https://registry.npmjs.org/react-resizable-component
32 http 403 https://registry.npmjs.org/react-resizable-component
33 verbose headers { 'content-type': 'application/json',
33 verbose headers   'cache-control': 'max-age=60',
33 verbose headers   'content-length': '95',
33 verbose headers   'accept-ranges': 'bytes',
33 verbose headers   date: 'Sun, 06 Dec 2015 03:51:10 GMT',
33 verbose headers   via: '1.1 varnish',
33 verbose headers   connection: 'keep-alive',
33 verbose headers   'x-served-by': 'cache-hkg6823-HKG',
33 verbose headers   'x-cache': 'MISS',
33 verbose headers   'x-cache-hits': '0',
33 verbose headers   'x-timer': 'S1449373869.665762,VS0,VE862' }
34 verbose request invalidating /Users/wongherlung/.npm/registry.npmjs.org/react-resizable-component on PUT
35 error publish Failed PUT 403
36 verbose stack Error: "You cannot publish over the previously published version 1.0.0." : react-resizable-component
36 verbose stack     at CachingRegistryClient.<anonymous> (/usr/local/lib/node_modules/npm/node_modules/npm-registry-client/lib/request.js:247:14)
36 verbose stack     at Request._callback (/usr/local/lib/node_modules/npm/node_modules/npm-registry-client/lib/request.js:170:14)
36 verbose stack     at Request.self.callback (/usr/local/lib/node_modules/npm/node_modules/request/request.js:354:22)
36 verbose stack     at Request.emit (events.js:110:17)
36 verbose stack     at Request.<anonymous> (/usr/local/lib/node_modules/npm/node_modules/request/request.js:1207:14)
36 verbose stack     at Request.emit (events.js:129:20)
36 verbose stack     at IncomingMessage.<anonymous> (/usr/local/lib/node_modules/npm/node_modules/request/request.js:1153:12)
36 verbose stack     at IncomingMessage.emit (events.js:129:20)
36 verbose stack     at _stream_readable.js:908:16
36 verbose stack     at process._tickCallback (node.js:355:11)
37 verbose statusCode 403
38 verbose pkgid react-resizable-component
39 verbose cwd /Users/wongherlung/Projects/ReactComponents/react-resizable-component
40 error Darwin 15.0.0
41 error argv "node" "/usr/local/bin/npm" "publish" "./"
42 error node v0.12.7
43 error npm  v2.11.3
44 error code E403
45 error "You cannot publish over the previously published version 1.0.0." : react-resizable-component
46 error If you need help, you may report this error at:
46 error     <https://github.com/npm/npm/issues>
47 verbose exit [ 1, true ]
